usage: main.py [-h] [--c_dim C_DIM] [--c2_dim C2_DIM]
               [--celeba_crop_size CELEBA_CROP_SIZE]
               [--rafd_crop_size RAFD_CROP_SIZE] [--image_size IMAGE_SIZE]
               [--g_conv_dim G_CONV_DIM] [--d_conv_dim D_CONV_DIM]
               [--g_repeat_num G_REPEAT_NUM] [--d_repeat_num D_REPEAT_NUM]
               [--lambda_cls LAMBDA_CLS] [--lambda_rec LAMBDA_REC]
               [--lambda_gp LAMBDA_GP] [--dataset {CelebA,RaFD,Both}]
               [--batch_size BATCH_SIZE] [--num_iters NUM_ITERS]
               [--num_iters_decay NUM_ITERS_DECAY] [--g_lr G_LR] [--d_lr D_LR]
               [--n_critic N_CRITIC] [--beta1 BETA1] [--beta2 BETA2]
               [--resume_iters RESUME_ITERS]
               [--selected_attrs SELECTED_ATTRS [SELECTED_ATTRS ...]]
               [--test_iters TEST_ITERS] [--num_workers NUM_WORKERS]
               [--mode {train,test}] [--use_tensorboard USE_TENSORBOARD]
               [--celeba_image_dir CELEBA_IMAGE_DIR] [--attr_path ATTR_PATH]
               [--rafd_image_dir RAFD_IMAGE_DIR] [--log_dir LOG_DIR]
               [--model_save_dir MODEL_SAVE_DIR] [--sample_dir SAMPLE_DIR]
               [--result_dir RESULT_DIR] [--log_step LOG_STEP]
               [--sample_step SAMPLE_STEP] [--model_save_step MODEL_SAVE_STEP]
               [--lr_update_step LR_UPDATE_STEP]
main.py: error: unrecognized arguments: 0.00001 0.00001
